2024-12-01 08:19:23,884 - DEBUG - STARTING THE PROGRAM:
2024-12-01 08:19:23,884 - WARNING - Initiating the program startup process.
2024-12-01 08:19:23,932 - INFO - User Interface has been launched successfully.
2024-12-01 08:19:23,932 - INFO - Shortcut icon settings have been loaded successfully.
2024-12-01 08:19:23,932 - INFO - Menu settings have been loaded successfully.
2024-12-01 08:19:23,932 - INFO - Workflow monitoring settings have been loaded successfully.
2024-12-01 08:19:23,932 - INFO - The default language has been set in the program.
2024-12-01 08:19:23,932 - INFO - The program was started successfully.
2024-12-01 08:19:28,757 - DEBUG - STARTING THE PASSWORD GENERATION.
2024-12-01 08:19:28,758 - WARNING - Initializing the password generation process.
2024-12-01 08:19:28,759 - INFO - Length: 4.
2024-12-01 08:19:28,759 - INFO - Include: numbers.
2024-12-01 08:19:28,760 - INFO - Strength: weak.
2024-12-01 08:19:28,760 - INFO - The password generated successfully.
2024-12-01 08:19:30,106 - DEBUG - STARTING THE PASSWORD GENERATION.
2024-12-01 08:19:30,106 - WARNING - Initializing the password generation process.
2024-12-01 08:19:30,107 - INFO - Length: 4.
2024-12-01 08:19:30,107 - INFO - Include: numbers.
2024-12-01 08:19:30,107 - INFO - Strength: weak.
2024-12-01 08:19:30,108 - INFO - The password generated successfully.
2024-12-01 08:19:30,717 - DEBUG - STARTING THE PASSWORD GENERATION.
2024-12-01 08:19:30,717 - WARNING - Initializing the password generation process.
2024-12-01 08:19:30,719 - INFO - Length: 4.
2024-12-01 08:19:30,719 - INFO - Include: numbers.
2024-12-01 08:19:30,719 - INFO - Strength: weak.
2024-12-01 08:19:30,719 - INFO - The password generated successfully.
2024-12-01 08:19:34,407 - DEBUG - SHUTTING DOWN THE PROGRAM:
2024-12-01 08:19:34,407 - WARNING - Initiating the process of shutting down the program.
2024-12-01 08:19:35,283 - INFO - Terminating the program instance.
2024-12-01 08:19:35,283 - INFO - The program shutdown successfully.
2024-12-01 16:01:05,874 - DEBUG - STARTING THE PROGRAM:
2024-12-01 16:01:05,874 - WARNING - Initiating the program startup process.
2024-12-01 16:01:05,919 - INFO - User Interface has been launched successfully.
2024-12-01 16:01:05,920 - INFO - Shortcut icon settings have been loaded successfully.
2024-12-01 16:01:05,920 - INFO - Menu settings have been loaded successfully.
2024-12-01 16:01:05,920 - INFO - Workflow monitoring settings have been loaded successfully.
2024-12-01 16:01:05,920 - INFO - The default language has been set in the program.
2024-12-01 16:01:05,920 - INFO - The program was started successfully.
2024-12-01 16:01:08,833 - DEBUG - LANGUAGE SETTING CHANGE:
2024-12-01 16:01:08,834 - WARNING - Initializing the language change process.
2024-12-01 16:01:08,849 - INFO - Change from: EN
2024-12-01 16:01:08,849 - INFO - Change to: PL
2024-12-01 16:01:08,849 - INFO - The language setting was changed successfully.
2024-12-01 16:01:09,793 - DEBUG - LOADING THE EVENT LOG:
2024-12-01 16:01:09,794 - WARNING - Initiating the process of starting the event log.
2024-12-01 16:01:09,794 - INFO - Loading and partitioning the log into chunks.
2024-12-01 16:01:09,795 - INFO - The event log window was started in new thread successfully.
2024-12-01 16:01:09,856 - INFO - The event log was displayed successfully.
2024-12-02 00:37:51,577 - DEBUG - LANGUAGE SETTING CHANGE:
2024-12-02 00:37:51,577 - WARNING - Initializing the language change process.
2024-12-02 00:37:51,595 - INFO - Change from: PL
2024-12-02 00:37:51,595 - INFO - Change to: EN
2024-12-02 00:37:51,595 - INFO - The language setting was changed successfully.
2024-12-02 00:37:53,458 - DEBUG - STARTING THE PASSWORD GENERATION.
2024-12-02 00:37:53,458 - WARNING - Initializing the password generation process.
2024-12-02 00:37:53,462 - INFO - Length: 12.
2024-12-02 00:37:53,462 - INFO - Include: letters, numbers, special characters.
2024-12-02 00:37:53,462 - INFO - Strength: strong.
2024-12-02 00:37:53,463 - INFO - The password generated successfully.
2024-12-02 00:37:55,258 - DEBUG - LOADING THE EVENT LOG:
2024-12-02 00:37:55,259 - WARNING - Initiating the process of starting the event log.
2024-12-02 00:37:55,259 - INFO - Loading and partitioning the log into chunks.
2024-12-02 00:37:55,259 - INFO - The event log window was started in new thread successfully.
2024-12-02 00:37:55,326 - INFO - The event log was displayed successfully.
2024-12-02 00:37:58,783 - DEBUG - SHUTTING DOWN THE PROGRAM:
2024-12-02 00:37:58,784 - WARNING - Initiating the process of shutting down the program.
2024-12-02 00:37:59,819 - INFO - Terminating the program instance.
2024-12-02 00:37:59,819 - INFO - The program shutdown successfully.
2024-12-02 00:55:56,172 - DEBUG - STARTING THE PROGRAM:
2024-12-02 00:55:56,172 - WARNING - Initiating the program startup process.
2024-12-02 00:55:56,223 - INFO - User Interface has been launched successfully.
2024-12-02 00:55:56,223 - INFO - Shortcut icon settings have been loaded successfully.
2024-12-02 00:55:56,223 - INFO - Menu settings have been loaded successfully.
2024-12-02 00:55:56,223 - INFO - Workflow monitoring settings have been loaded successfully.
2024-12-02 00:55:56,223 - INFO - The default language has been set in the program.
2024-12-02 00:55:56,223 - INFO - The program was started successfully.
2024-12-02 00:56:06,258 - DEBUG - STARTING THE PASSWORD GENERATION.
2024-12-02 00:56:06,258 - WARNING - Initializing the password generation process.
2024-12-02 00:56:06,259 - INFO - Length: 6.
2024-12-02 00:56:06,259 - INFO - Include: letters, numbers, special characters.
2024-12-02 00:56:06,259 - INFO - Strength: weak.
2024-12-02 00:56:06,259 - INFO - The password generated successfully.
2024-12-02 00:56:24,884 - DEBUG - STARTING THE PASSWORD GENERATION.
2024-12-02 00:56:24,884 - WARNING - Initializing the password generation process.
2024-12-02 00:56:24,886 - INFO - Length: 8.
2024-12-02 00:56:24,886 - INFO - Include: letters, numbers, special characters.
2024-12-02 00:56:24,887 - INFO - Strength: medium.
2024-12-02 00:56:24,887 - INFO - The password generated successfully.
2024-12-02 00:56:34,516 - DEBUG - STARTING THE PASSWORD GENERATION.
2024-12-02 00:56:34,517 - WARNING - Initializing the password generation process.
2024-12-02 00:56:34,519 - INFO - Length: 12.
2024-12-02 00:56:34,519 - INFO - Include: letters, numbers, special characters.
2024-12-02 00:56:34,519 - INFO - Strength: strong.
2024-12-02 00:56:34,519 - INFO - The password generated successfully.
2024-12-02 00:57:07,452 - DEBUG - STARTING THE PASSWORD GENERATION.
2024-12-02 00:57:07,453 - WARNING - Initializing the password generation process.
2024-12-02 00:57:07,455 - INFO - Length: 12.
2024-12-02 00:57:07,455 - INFO - Include: letters, numbers, special characters.
2024-12-02 00:57:07,455 - INFO - Strength: strong.
2024-12-02 00:57:07,455 - INFO - The password generated successfully.
2024-12-02 00:57:08,278 - DEBUG - STARTING THE PASSWORD GENERATION.
2024-12-02 00:57:08,279 - WARNING - Initializing the password generation process.
2024-12-02 00:57:08,281 - INFO - Length: 12.
2024-12-02 00:57:08,281 - INFO - Include: letters, numbers, special characters.
2024-12-02 00:57:08,281 - INFO - Strength: strong.
2024-12-02 00:57:08,281 - INFO - The password generated successfully.
2024-12-02 00:59:25,962 - DEBUG - COPYING TO THE CLIPBOARD:
2024-12-02 00:59:25,963 - WARNING - Initializing the password copy to clipboard process.
2024-12-02 00:59:25,967 - INFO - The password was copied successfully.
2024-12-02 01:02:18,369 - DEBUG - SHUTTING DOWN THE PROGRAM:
2024-12-02 01:02:18,369 - WARNING - Initiating the process of shutting down the program.
2024-12-02 01:02:19,481 - INFO - Terminating the program instance.
2024-12-02 01:02:19,481 - INFO - The program shutdown successfully.
2024-12-02 01:32:29,700 - DEBUG - STARTING THE PROGRAM:
2024-12-02 01:32:29,700 - WARNING - Initiating the program startup process.
2024-12-02 01:32:29,753 - INFO - User Interface has been launched successfully.
2024-12-02 01:32:29,753 - INFO - Shortcut icon settings have been loaded successfully.
2024-12-02 01:32:29,753 - INFO - Menu settings have been loaded successfully.
2024-12-02 01:32:29,753 - INFO - Workflow monitoring settings have been loaded successfully.
2024-12-02 01:32:29,753 - INFO - The default language has been set in the program.
2024-12-02 01:32:29,753 - INFO - The program was started successfully.
2024-12-02 01:32:31,349 - DEBUG - STARTING THE PASSWORD GENERATION.
2024-12-02 01:32:31,350 - WARNING - Initializing the password generation process.
2024-12-02 01:32:31,353 - INFO - Length: 12.
2024-12-02 01:32:31,353 - INFO - Include: letters, numbers, special characters.
2024-12-02 01:32:31,353 - INFO - Strength: strong.
2024-12-02 01:32:31,353 - INFO - The password generated successfully.
2024-12-02 01:32:34,863 - DEBUG - STARTING THE PASSWORD GENERATION.
2024-12-02 01:32:34,863 - WARNING - Initializing the password generation process.
2024-12-02 01:32:34,865 - INFO - Length: 12.
2024-12-02 01:32:34,865 - INFO - Include: letters, numbers, special characters.
2024-12-02 01:32:34,866 - INFO - Strength: strong.
2024-12-02 01:32:34,866 - INFO - The password generated successfully.
2024-12-02 01:34:02,583 - DEBUG - STARTING THE PASSWORD GENERATION.
2024-12-02 01:34:02,583 - WARNING - Initializing the password generation process.
2024-12-02 01:34:02,586 - INFO - Length: 32.
2024-12-02 01:34:02,587 - INFO - Include: letters, numbers, special characters.
2024-12-02 01:34:02,587 - INFO - Strength: strong.
2024-12-02 01:34:02,587 - INFO - The password generated successfully.
2024-12-02 01:34:06,943 - DEBUG - COPYING TO THE CLIPBOARD:
2024-12-02 01:34:06,943 - WARNING - Initializing the password copy to clipboard process.
2024-12-02 01:34:06,947 - INFO - The password was copied successfully.
2024-12-02 01:34:27,642 - DEBUG - STARTING THE PASSWORD GENERATION.
2024-12-02 01:34:27,643 - WARNING - Initializing the password generation process.
2024-12-02 01:34:27,646 - INFO - Length: 32.
2024-12-02 01:34:27,647 - INFO - Include: letters, numbers, special characters.
2024-12-02 01:34:27,647 - INFO - Strength: strong.
2024-12-02 01:34:27,647 - INFO - The password generated successfully.
2024-12-02 01:34:28,550 - DEBUG - STARTING THE PASSWORD GENERATION.
2024-12-02 01:34:28,551 - WARNING - Initializing the password generation process.
2024-12-02 01:34:28,553 - INFO - Length: 32.
2024-12-02 01:34:28,553 - INFO - Include: letters, numbers, special characters.
2024-12-02 01:34:28,553 - INFO - Strength: strong.
2024-12-02 01:34:28,553 - INFO - The password generated successfully.
2024-12-02 01:34:31,346 - DEBUG - COPYING TO THE CLIPBOARD:
2024-12-02 01:34:31,346 - WARNING - Initializing the password copy to clipboard process.
2024-12-02 01:34:31,348 - INFO - The password was copied successfully.
2024-12-02 01:57:58,256 - DEBUG - STARTING THE PROGRAM:
2024-12-02 01:57:58,256 - WARNING - Initiating the program startup process.
2024-12-02 01:57:58,335 - INFO - User Interface has been launched successfully.
2024-12-02 01:57:58,335 - INFO - Shortcut icon settings have been loaded successfully.
2024-12-02 01:57:58,335 - INFO - Menu settings have been loaded successfully.
2024-12-02 01:57:58,335 - INFO - Workflow monitoring settings have been loaded successfully.
2024-12-02 01:57:58,335 - INFO - The default language has been set in the program.
2024-12-02 01:57:58,335 - INFO - The program was started successfully.
2024-12-02 01:58:07,107 - DEBUG - STARTING THE PASSWORD GENERATION.
2024-12-02 01:58:07,107 - WARNING - Initializing the password generation process.
2024-12-02 01:58:07,108 - INFO - Length: 32.
2024-12-02 01:58:07,108 - INFO - Include: letters, numbers, special characters.
2024-12-02 01:58:07,108 - INFO - Strength: strong.
2024-12-02 01:58:07,108 - INFO - The password generated successfully.
2024-12-02 01:58:08,523 - DEBUG - STARTING THE PASSWORD GENERATION.
2024-12-02 01:58:08,524 - WARNING - Initializing the password generation process.
2024-12-02 01:58:08,527 - INFO - Length: 32.
2024-12-02 01:58:08,528 - INFO - Include: letters, numbers, special characters.
2024-12-02 01:58:08,528 - INFO - Strength: strong.
2024-12-02 01:58:08,528 - INFO - The password generated successfully.
2024-12-02 01:58:09,664 - DEBUG - STARTING THE PASSWORD GENERATION.
2024-12-02 01:58:09,664 - WARNING - Initializing the password generation process.
2024-12-02 01:58:09,667 - INFO - Length: 32.
2024-12-02 01:58:09,667 - INFO - Include: letters, numbers, special characters.
2024-12-02 01:58:09,667 - INFO - Strength: strong.
2024-12-02 01:58:09,667 - INFO - The password generated successfully.
2024-12-02 01:58:10,934 - DEBUG - STARTING THE PASSWORD GENERATION.
2024-12-02 01:58:10,934 - WARNING - Initializing the password generation process.
2024-12-02 01:58:10,936 - INFO - Length: 32.
2024-12-02 01:58:10,936 - INFO - Include: letters, numbers, special characters.
2024-12-02 01:58:10,936 - INFO - Strength: strong.
2024-12-02 01:58:10,937 - INFO - The password generated successfully.
2024-12-02 01:58:16,213 - DEBUG - COPYING TO THE CLIPBOARD:
2024-12-02 01:58:16,213 - WARNING - Initializing the password copy to clipboard process.
2024-12-02 01:58:16,217 - INFO - The password was copied successfully.
2024-12-02 01:59:44,342 - DEBUG - STARTING THE PROGRAM:
2024-12-02 01:59:44,342 - WARNING - Initiating the program startup process.
2024-12-02 01:59:44,393 - INFO - User Interface has been launched successfully.
2024-12-02 01:59:44,393 - INFO - Shortcut icon settings have been loaded successfully.
2024-12-02 01:59:44,393 - INFO - Menu settings have been loaded successfully.
2024-12-02 01:59:44,393 - INFO - Workflow monitoring settings have been loaded successfully.
2024-12-02 01:59:44,393 - INFO - The default language has been set in the program.
2024-12-02 01:59:44,393 - INFO - The program was started successfully.
2024-12-02 01:59:47,892 - DEBUG - STARTING THE PASSWORD GENERATION.
2024-12-02 01:59:47,892 - WARNING - Initializing the password generation process.
2024-12-02 01:59:47,894 - INFO - Length: 12.
2024-12-02 01:59:47,894 - INFO - Include: letters, numbers.
2024-12-02 01:59:47,894 - INFO - Strength: medium.
2024-12-02 01:59:47,895 - INFO - The password generated successfully.
2024-12-02 01:59:51,814 - DEBUG - COPYING TO THE CLIPBOARD:
2024-12-02 01:59:51,814 - WARNING - Initializing the password copy to clipboard process.
2024-12-02 01:59:51,819 - INFO - The password was copied successfully.
2024-12-02 02:00:01,155 - DEBUG - STARTING THE PASSWORD GENERATION.
2024-12-02 02:00:01,155 - WARNING - Initializing the password generation process.
2024-12-02 02:00:01,159 - INFO - Length: 32.
2024-12-02 02:00:01,159 - INFO - Include: letters, numbers.
2024-12-02 02:00:01,160 - INFO - Strength: medium.
2024-12-02 02:00:01,160 - INFO - The password generated successfully.
2024-12-02 02:00:02,710 - DEBUG - STARTING THE PASSWORD GENERATION.
2024-12-02 02:00:02,711 - WARNING - Initializing the password generation process.
2024-12-02 02:00:02,713 - INFO - Length: 32.
2024-12-02 02:00:02,714 - INFO - Include: letters, numbers.
2024-12-02 02:00:02,714 - INFO - Strength: medium.
2024-12-02 02:00:02,714 - INFO - The password generated successfully.
2024-12-02 02:00:02,911 - DEBUG - STARTING THE PASSWORD GENERATION.
2024-12-02 02:00:02,911 - WARNING - Initializing the password generation process.
2024-12-02 02:00:02,914 - INFO - Length: 32.
2024-12-02 02:00:02,914 - INFO - Include: letters, numbers.
2024-12-02 02:00:02,914 - INFO - Strength: medium.
2024-12-02 02:00:02,914 - INFO - The password generated successfully.
2024-12-02 02:00:03,671 - DEBUG - STARTING THE PASSWORD GENERATION.
2024-12-02 02:00:03,672 - WARNING - Initializing the password generation process.
2024-12-02 02:00:03,674 - INFO - Length: 32.
2024-12-02 02:00:03,674 - INFO - Include: letters, numbers.
2024-12-02 02:00:03,674 - INFO - Strength: medium.
2024-12-02 02:00:03,674 - INFO - The password generated successfully.
2024-12-02 02:00:03,866 - DEBUG - STARTING THE PASSWORD GENERATION.
2024-12-02 02:00:03,866 - WARNING - Initializing the password generation process.
2024-12-02 02:00:03,868 - INFO - Length: 32.
2024-12-02 02:00:03,868 - INFO - Include: letters, numbers.
2024-12-02 02:00:03,868 - INFO - Strength: medium.
2024-12-02 02:00:03,868 - INFO - The password generated successfully.
2024-12-02 02:00:05,449 - DEBUG - COPYING TO THE CLIPBOARD:
2024-12-02 02:00:05,449 - WARNING - Initializing the password copy to clipboard process.
2024-12-02 02:00:05,452 - INFO - The password was copied successfully.
2024-12-02 02:44:30,802 - DEBUG - SHUTTING DOWN THE PROGRAM:
2024-12-02 02:44:30,802 - WARNING - Initiating the process of shutting down the program.
2024-12-02 02:44:30,802 - DEBUG - SHUTTING DOWN THE PROGRAM:
2024-12-02 02:44:30,802 - WARNING - Initiating the process of shutting down the program.
2024-12-02 02:44:30,802 - DEBUG - SHUTTING DOWN THE PROGRAM:
2024-12-02 02:44:30,802 - WARNING - Initiating the process of shutting down the program.
2024-12-02 02:44:31,877 - INFO - Terminating the program instance.
2024-12-02 02:44:31,877 - INFO - The program shutdown successfully.
2024-12-02 02:44:34,160 - INFO - Terminating the program instance.
2024-12-02 02:44:34,160 - INFO - The program shutdown successfully.
2024-12-02 02:44:36,450 - INFO - The program shutdown cancelled by the user.
2024-12-02 02:44:42,957 - DEBUG - LOADING THE EVENT LOG:
2024-12-02 02:44:42,958 - WARNING - Initiating the process of starting the event log.
2024-12-02 02:44:42,958 - INFO - Loading and partitioning the log into chunks.
2024-12-02 02:44:42,959 - INFO - The event log window was started in new thread successfully.
2024-12-02 02:44:43,072 - INFO - The event log was displayed successfully.
2024-12-02 02:45:00,502 - DEBUG - SHUTTING DOWN THE PROGRAM:
2024-12-02 02:45:00,502 - WARNING - Initiating the process of shutting down the program.
2024-12-02 02:45:01,550 - INFO - Terminating the program instance.
2024-12-02 02:45:01,551 - INFO - The program shutdown successfully.
2024-12-02 03:23:19,431 - DEBUG - STARTING THE PROGRAM:
2024-12-02 03:23:19,431 - WARNING - Initiating the program startup process.
2024-12-02 03:23:19,498 - INFO - User Interface has been launched successfully.
2024-12-02 03:23:19,499 - INFO - Shortcut icon settings have been loaded successfully.
2024-12-02 03:23:19,499 - INFO - Menu settings have been loaded successfully.
2024-12-02 03:23:19,499 - INFO - Workflow monitoring settings have been loaded successfully.
2024-12-02 03:23:19,499 - INFO - The default language has been set in the program.
2024-12-02 03:23:19,499 - INFO - The program was started successfully.
2024-12-02 03:24:26,405 - DEBUG - SHUTTING DOWN THE PROGRAM:
2024-12-02 03:24:26,405 - WARNING - Initiating the process of shutting down the program.
2024-12-02 03:24:27,288 - INFO - Terminating the program instance.
2024-12-02 03:24:27,288 - INFO - The program shutdown successfully.
2024-12-05 15:47:33,825 - DEBUG - STARTING THE PROGRAM:
2024-12-05 15:47:33,825 - WARNING - Initiating the program startup process.
2024-12-05 15:47:33,870 - INFO - User Interface has been launched successfully.
2024-12-05 15:47:33,870 - INFO - Shortcut icon settings have been loaded successfully.
2024-12-05 15:47:33,870 - INFO - Menu settings have been loaded successfully.
2024-12-05 15:47:33,870 - INFO - Workflow monitoring settings have been loaded successfully.
2024-12-05 15:47:33,870 - INFO - The default language has been set in the program.
2024-12-05 15:47:33,870 - INFO - The program was started successfully.
2024-12-05 15:47:37,054 - DEBUG - LANGUAGE SETTING CHANGE:
2024-12-05 15:47:37,054 - WARNING - Initializing the language change process.
2024-12-05 15:47:37,066 - INFO - Change from: EN
2024-12-05 15:47:37,066 - INFO - Change to: PL
2024-12-05 15:47:37,066 - INFO - The language setting was changed successfully.
2024-12-05 15:47:38,838 - DEBUG - LANGUAGE SETTING CHANGE:
2024-12-05 15:47:38,838 - WARNING - Initializing the language change process.
2024-12-05 15:47:38,859 - INFO - Change from: PL
2024-12-05 15:47:38,859 - INFO - Change to: EN
2024-12-05 15:47:38,860 - INFO - The language setting was changed successfully.
2024-12-05 15:47:41,108 - DEBUG - LOADING THE EVENT LOG:
2024-12-05 15:47:41,109 - WARNING - Initiating the process of starting the event log.
2024-12-05 15:47:41,109 - INFO - The event log window was started in new thread successfully.
2024-12-05 15:47:41,109 - INFO - Loading and partitioning the log into chunks.
2024-12-05 15:47:41,207 - INFO - The event log was displayed successfully.
2024-12-05 15:47:47,913 - DEBUG - STARTING THE PASSWORD GENERATION.
2024-12-05 15:47:47,913 - WARNING - Initializing the password generation process.
2024-12-05 15:47:47,913 - INFO - Length: 12.
2024-12-05 15:47:47,913 - INFO - Include: letters, numbers, special characters.
2024-12-05 15:47:47,913 - INFO - Strength: strong.
2024-12-05 15:47:47,913 - INFO - The password generated successfully.
2024-12-05 15:47:54,462 - DEBUG - STARTING THE PASSWORD GENERATION.
2024-12-05 15:47:54,462 - WARNING - Initializing the password generation process.
2024-12-05 15:47:54,462 - INFO - Length: 4.
2024-12-05 15:47:54,462 - INFO - Include: numbers.
2024-12-05 15:47:54,462 - INFO - Strength: weak.
2024-12-05 15:47:54,462 - INFO - The password generated successfully.
2024-12-05 15:47:55,542 - DEBUG - STARTING THE PASSWORD GENERATION.
2024-12-05 15:47:55,543 - WARNING - Initializing the password generation process.
2024-12-05 15:47:55,543 - INFO - Length: 4.
2024-12-05 15:47:55,543 - INFO - Include: numbers.
2024-12-05 15:47:55,543 - INFO - Strength: weak.
2024-12-05 15:47:55,543 - INFO - The password generated successfully.
2024-12-05 15:47:55,681 - DEBUG - STARTING THE PASSWORD GENERATION.
2024-12-05 15:47:55,681 - WARNING - Initializing the password generation process.
2024-12-05 15:47:55,681 - INFO - Length: 4.
2024-12-05 15:47:55,681 - INFO - Include: numbers.
2024-12-05 15:47:55,681 - INFO - Strength: weak.
2024-12-05 15:47:55,681 - INFO - The password generated successfully.
2024-12-05 15:47:55,816 - DEBUG - STARTING THE PASSWORD GENERATION.
2024-12-05 15:47:55,817 - WARNING - Initializing the password generation process.
2024-12-05 15:47:55,817 - INFO - Length: 4.
2024-12-05 15:47:55,817 - INFO - Include: numbers.
2024-12-05 15:47:55,817 - INFO - Strength: weak.
2024-12-05 15:47:55,817 - INFO - The password generated successfully.
2024-12-05 15:47:57,569 - DEBUG - SHUTTING DOWN THE PROGRAM:
2024-12-05 15:47:57,569 - WARNING - Initiating the process of shutting down the program.
2024-12-05 15:47:58,472 - INFO - Terminating the program instance.
2024-12-05 15:47:58,472 - INFO - The program shutdown successfully.
2024-12-05 15:53:44,769 - DEBUG - STARTING THE PROGRAM:
2024-12-05 15:53:44,769 - WARNING - Initiating the program startup process.
2024-12-05 15:53:44,812 - INFO - User Interface has been launched successfully.
2024-12-05 15:53:44,812 - INFO - Shortcut icon settings have been loaded successfully.
2024-12-05 15:53:44,812 - INFO - Menu settings have been loaded successfully.
2024-12-05 15:53:44,812 - INFO - Workflow monitoring settings have been loaded successfully.
2024-12-05 15:53:44,812 - INFO - The default language has been set in the program.
2024-12-05 15:53:44,812 - INFO - The program was started successfully.
2024-12-05 15:53:52,215 - DEBUG - STARTING THE PASSWORD GENERATION.
2024-12-05 15:53:52,216 - WARNING - Initializing the password generation process.
2024-12-05 15:53:52,219 - INFO - Length: 12.
2024-12-05 15:53:52,220 - INFO - Include: letters, numbers, special characters.
2024-12-05 15:53:52,220 - INFO - Strength: strong.
2024-12-05 15:53:52,220 - INFO - The password generated successfully.
2024-12-05 15:53:53,621 - DEBUG - COPYING TO THE CLIPBOARD:
2024-12-05 15:53:53,622 - WARNING - Initializing the password copy to clipboard process.
2024-12-05 15:53:53,628 - INFO - The password was copied successfully.
2024-12-05 15:53:55,358 - DEBUG - LOADING THE EVENT LOG:
2024-12-05 15:53:55,359 - WARNING - Initiating the process of starting the event log.
2024-12-05 15:53:55,359 - INFO - Loading and partitioning the log into chunks.
2024-12-05 15:53:55,359 - INFO - The event log window was started in new thread successfully.
2024-12-05 15:53:55,416 - INFO - The event log was displayed successfully.
2024-12-05 15:54:03,557 - DEBUG - SHUTTING DOWN THE PROGRAM:
2024-12-05 15:54:03,557 - WARNING - Initiating the process of shutting down the program.
2024-12-05 15:54:04,456 - INFO - Terminating the program instance.
2024-12-05 15:54:04,456 - INFO - The program shutdown successfully.
